2025-06-05 23:07:35,673 - werkzeug - INFO - [31m[1mWARNING: This is a development server. Do not use it in a production deployment. Use a production WSGI server instead.[0m
 * Running on all addresses (0.0.0.0)
 * Running on http://127.0.0.1:5000
 * Running on http://192.168.43.90:5000
2025-06-05 23:07:35,674 - werkzeug - INFO - [33mPress CTRL+C to quit[0m
2025-06-05 23:07:35,683 - werkzeug - INFO -  * Restarting with watchdog (windowsapi)
2025-06-05 23:07:36,392 - werkzeug - WARNING -  * Debugger is active!
2025-06-05 23:07:36,396 - werkzeug - INFO -  * Debugger PIN: 125-164-007
2025-06-05 23:10:07,011 - werkzeug - INFO -  * Detected change in 'D:\\VS_CODE -PROJECTS\\Connect you\\app.py', reloading
2025-06-05 23:10:07,012 - werkzeug - INFO -  * Detected change in 'D:\\VS_CODE -PROJECTS\\Connect you\\app.py', reloading
2025-06-05 23:10:07,079 - werkzeug - INFO -  * Detected change in 'D:\\VS_CODE -PROJECTS\\Connect you\\app.py', reloading
2025-06-05 23:10:07,079 - werkzeug - INFO -  * Detected change in 'D:\\VS_CODE -PROJECTS\\Connect you\\app.py', reloading
2025-06-05 23:10:07,079 - werkzeug - INFO -  * Detected change in 'D:\\VS_CODE -PROJECTS\\Connect you\\app.py', reloading
2025-06-05 23:10:07,908 - werkzeug - INFO -  * Restarting with watchdog (windowsapi)
2025-06-05 23:10:08,456 - werkzeug - WARNING -  * Debugger is active!
2025-06-05 23:10:08,456 - werkzeug - INFO -  * Debugger PIN: 125-164-007
2025-06-05 23:10:35,558 - werkzeug - INFO - [31m[1mWARNING: This is a development server. Do not use it in a production deployment. Use a production WSGI server instead.[0m
 * Running on http://127.0.0.1:5001
2025-06-05 23:10:35,558 - werkzeug - INFO - [33mPress CTRL+C to quit[0m
2025-06-05 23:23:26,821 - werkzeug - INFO -  * Detected change in 'D:\\VS_CODE -PROJECTS\\Connect you\\app.py', reloading
2025-06-05 23:23:26,822 - werkzeug - INFO -  * Detected change in 'D:\\VS_CODE -PROJECTS\\Connect you\\app.py', reloading
2025-06-05 23:23:27,516 - werkzeug - INFO -  * Restarting with watchdog (windowsapi)
2025-06-05 23:23:28,044 - werkzeug - WARNING -  * Debugger is active!
2025-06-05 23:23:28,044 - werkzeug - INFO -  * Debugger PIN: 125-164-007
2025-06-05 23:23:53,013 - werkzeug - INFO -  * Detected change in 'D:\\VS_CODE -PROJECTS\\Connect you\\app.py', reloading
2025-06-05 23:23:53,014 - werkzeug - INFO -  * Detected change in 'D:\\VS_CODE -PROJECTS\\Connect you\\app.py', reloading
2025-06-05 23:23:53,014 - werkzeug - INFO -  * Detected change in 'D:\\VS_CODE -PROJECTS\\Connect you\\app.py', reloading
2025-06-05 23:23:53,620 - werkzeug - INFO -  * Restarting with watchdog (windowsapi)
2025-06-05 23:23:54,159 - werkzeug - WARNING -  * Debugger is active!
2025-06-05 23:23:54,159 - werkzeug - INFO -  * Debugger PIN: 125-164-007
2025-06-05 23:24:09,296 - werkzeug - INFO -  * Detected change in 'D:\\VS_CODE -PROJECTS\\Connect you\\app.py', reloading
2025-06-05 23:24:09,299 - werkzeug - INFO -  * Detected change in 'D:\\VS_CODE -PROJECTS\\Connect you\\app.py', reloading
2025-06-05 23:24:09,580 - werkzeug - INFO -  * Restarting with watchdog (windowsapi)
2025-06-05 23:24:10,108 - __main__ - INFO - Starting Flask server on 0.0.0.0:5000
2025-06-05 23:24:10,113 - werkzeug - WARNING -  * Debugger is active!
2025-06-05 23:24:10,114 - werkzeug - INFO -  * Debugger PIN: 125-164-007
2025-06-05 23:25:38,312 - __main__ - INFO - Starting Flask server on 0.0.0.0:5001
2025-06-05 23:25:38,323 - werkzeug - INFO - [31m[1mWARNING: This is a development server. Do not use it in a production deployment. Use a production WSGI server instead.[0m
 * Running on all addresses (0.0.0.0)
 * Running on http://127.0.0.1:5001
 * Running on http://192.168.43.90:5001
2025-06-05 23:25:38,323 - werkzeug - INFO - [33mPress CTRL+C to quit[0m
2025-06-05 23:25:38,331 - werkzeug - INFO -  * Restarting with watchdog (windowsapi)
2025-06-05 23:25:38,829 - __main__ - INFO - Starting Flask server on 0.0.0.0:5001
2025-06-05 23:25:38,829 - werkzeug - WARNING -  * Debugger is active!
2025-06-05 23:25:38,837 - werkzeug - INFO -  * Debugger PIN: 125-164-007
2025-06-06 22:29:45,927 - __main__ - INFO - Loaded 5 stores from data\stores.json
2025-06-06 22:32:15,754 - __main__ - INFO - Loaded 5 stores from data\stores.json
2025-06-06 22:32:16,407 - __main__ - INFO - Loaded 5 stores from data\stores.json
2025-06-06 23:05:24,309 - __main__ - INFO - Loaded 5 stores from data\stores.json
2025-06-06 23:37:14,154 - __main__ - INFO - Loaded 5 stores from data\stores.json
2025-06-07 00:01:46,214 - __main__ - INFO - Loaded 5 stores from data\stores.json
2025-06-07 21:00:47,937 - __main__ - INFO - Loaded 5 stores from data\stores.json
2025-06-07 21:00:58,315 - __main__ - INFO - Loaded 5 stores from data\stores.json
2025-06-07 21:02:53,858 - __main__ - INFO - Loaded 5 stores from data\stores.json
2025-06-07 21:03:17,664 - __main__ - INFO - Loaded 5 stores from data\stores.json
2025-06-07 21:11:17,110 - __main__ - INFO - Loaded 5 stores from data\stores.json
2025-06-07 21:11:17,160 - __main__ - INFO - Loaded 5 stores from data\stores.json
2025-06-07 21:11:17,239 - __main__ - INFO - Loaded 5 stores from data\stores.json
2025-06-07 21:11:17,424 - __main__ - INFO - Loaded 5 stores from data\stores.json
2025-06-07 21:12:40,467 - __main__ - INFO - Loaded 5 stores from data\stores.json
2025-06-07 21:12:41,153 - __main__ - INFO - Loaded 5 stores from data\stores.json
2025-06-07 21:12:42,448 - __main__ - INFO - Loaded 5 stores from data\stores.json
2025-06-07 21:12:42,810 - __main__ - INFO - Loaded 5 stores from data\stores.json
2025-06-07 21:14:06,284 - __main__ - INFO - Loaded 5 stores from data\stores.json
2025-06-07 21:19:57,960 - __main__ - INFO - Loaded 5 stores from data\stores.json
2025-06-07 21:19:57,960 - __main__ - INFO - Loaded 5 stores from data\stores.json
2025-06-07 21:19:57,971 - __main__ - INFO - Loaded 5 stores from data\stores.json
2025-06-07 21:19:58,088 - __main__ - INFO - Loaded 5 stores from data\stores.json
2025-06-07 21:19:58,844 - __main__ - INFO - Loaded 5 stores from data\stores.json
2025-06-07 22:36:50,066 - __main__ - INFO - Loaded 5 stores from data\stores.json
2025-06-07 22:36:50,071 - __main__ - INFO - Loaded 5 stores from data\stores.json
2025-06-07 22:36:50,083 - __main__ - INFO - Loaded 5 stores from data\stores.json
2025-06-07 22:36:50,220 - __main__ - INFO - Loaded 5 stores from data\stores.json
2025-06-07 22:36:50,228 - __main__ - INFO - Loaded 5 stores from data\stores.json
2025-06-07 22:44:11,041 - __main__ - INFO - Loaded 5 stores from data\stores.json
2025-06-07 22:44:11,049 - __main__ - INFO - Loaded 5 stores from data\stores.json
2025-06-07 22:44:11,077 - __main__ - INFO - Loaded 5 stores from data\stores.json
2025-06-07 22:44:11,207 - __main__ - INFO - Loaded 5 stores from data\stores.json
2025-06-07 22:44:11,682 - __main__ - INFO - Loaded 5 stores from data\stores.json
2025-06-07 22:45:26,961 - __main__ - INFO - Loaded 5 stores from data\stores.json
